Quantidade indisponivel para a venda de 4 unidade(s) do produto LG K10.
Quantidade indisponivel para a venda de 6 unidade(s) do produto iPhone 13 mini.
Quantidade indisponivel para a venda de 4 unidade(s) do produto Motorola Moto E7.
Quantidade indisponivel para a venda de 7 unidade(s) do produto iPhone 13.
Produto: LG K22
Quantidade em Estoque: 4
Pedidos de Compra: 1
Pedidos de Venda: 1
Produto: LG K41S
Quantidade em Estoque: 9
Pedidos de Compra: 1
Pedidos de Venda: 0
Produto: Motorola G20
Quantidade em Estoque: 3
Pedidos de Compra: 1
Pedidos de Venda: 0
Produto: Motorola Moto E7
Quantidade em Estoque: 0
Pedidos de Compra: 1
Pedidos de Venda: 1
Produto: Samsung Galaxy M12
Quantidade em Estoque: 6
Pedidos de Compra: 1
Pedidos de Venda: 1
Produto: iPad
Quantidade em Estoque: 2
Pedidos de Compra: 1
Pedidos de Venda: 1
Produto: iPhone 13 Pro Max
Quantidade em Estoque: 7
Pedidos de Compra: 1
Pedidos de Venda: 0
Produto: iPhone 13 mini
Quantidade em Estoque: 6
Pedidos de Compra: 1
Pedidos de Venda: 0
