Quantidade indisponivel para a venda de 3 unidade(s) do produto LG K10.
Quantidade indisponivel para a venda de 8 unidade(s) do produto iPhone 13 Pro.
Produto: LG K10
Quantidade em Estoque: 2
Pedidos de Compra: 1
Pedidos de Venda: 2
Produto: LG K41S
Quantidade em Estoque: 3
Pedidos de Compra: 1
Pedidos de Venda: 0
Produto: Motorola Moto E7
Quantidade em Estoque: 9
Pedidos de Compra: 3
Pedidos de Venda: 0
Produto: Samsung A11
Quantidade em Estoque: 9
Pedidos de Compra: 2
Pedidos de Venda: 0
Produto: iPad Air
Quantidade em Estoque: 10
Pedidos de Compra: 2
Pedidos de Venda: 0
Produto: iPad mini
Quantidade em Estoque: 6
Pedidos de Compra: 1
Pedidos de Venda: 0
Produto: iPhone 13 Pro
Quantidade em Estoque: 1
Pedidos de Compra: 1
Pedidos de Venda: 1
Produto: iPhone 13 Pro Max
Quantidade em Estoque: 9
Pedidos de Compra: 2
Pedidos de Venda: 1
Produto: iPhone 13 mini
Quantidade em Estoque: 13
Pedidos de Compra: 2
Pedidos de Venda: 0
