Quantidade indisponivel para a venda de 5 unidade(s) do produto Samsung Galaxy S21.
Quantidade indisponivel para a venda de 4 unidade(s) do produto iPhone 13 Pro Max.
Quantidade indisponivel para a venda de 2 unidade(s) do produto LG K10.
Quantidade indisponivel para a venda de 2 unidade(s) do produto iPad mini.
Quantidade indisponivel para a venda de 9 unidade(s) do produto iPhone 13.
Produto: LG K10
Quantidade em Estoque: 9
Pedidos de Compra: 4
Pedidos de Venda: 2
Produto: LG K22
Quantidade em Estoque: 1
Pedidos de Compra: 1
Pedidos de Venda: 1
Produto: Samsung Galaxy S21
Quantidade em Estoque: 12
Pedidos de Compra: 2
Pedidos de Venda: 1
Produto: iPad Air
Quantidade em Estoque: 18
Pedidos de Compra: 2
Pedidos de Venda: 0
Produto: iPad Pro
Quantidade em Estoque: 2
Pedidos de Compra: 1
Pedidos de Venda: 1
Produto: iPhone 13
Quantidade em Estoque: 5
Pedidos de Compra: 1
Pedidos de Venda: 0
