Quantidade indisponivel para a venda de 6 unidade(s) do produto iPad Pro.
Quantidade indisponivel para a venda de 8 unidade(s) do produto iPhone 13 mini.
Quantidade indisponivel para a venda de 4 unidade(s) do produto iPhone 13 Pro Max.
Quantidade indisponivel para a venda de 8 unidade(s) do produto iPhone 13.
Quantidade indisponivel para a venda de 9 unidade(s) do produto iPhone 13 Pro Max.
Quantidade indisponivel para a venda de 9 unidade(s) do produto iPhone 13 mini.
Quantidade indisponivel para a venda de 6 unidade(s) do produto iPad mini.
Quantidade indisponivel para a venda de 3 unidade(s) do produto iPhone 13 Pro.
Quantidade indisponivel para a venda de 7 unidade(s) do produto iPhone 13 Pro Max.
Produto: iPad
Quantidade em Estoque: 11
Pedidos de Compra: 2
Pedidos de Venda: 0
Produto: iPad mini
Quantidade em Estoque: 17
Pedidos de Compra: 2
Pedidos de Venda: 0
Produto: iPhone 13
Quantidade em Estoque: 3
Pedidos de Compra: 1
Pedidos de Venda: 0
Produto: iPhone 13 mini
Quantidade em Estoque: 4
Pedidos de Compra: 1
Pedidos de Venda: 0
