Quantidade indisponivel para a venda de 5 unidade(s) do produto iPhone 13 mini.
Produto: LG K22
Quantidade em Estoque: 6
Pedidos de Compra: 1
Pedidos de Venda: 0
Produto: Motorola G20
Quantidade em Estoque: 1
Pedidos de Compra: 1
Pedidos de Venda: 2
Produto: Motorola Moto E7
Quantidade em Estoque: 4
Pedidos de Compra: 1
Pedidos de Venda: 0
Produto: Samsung A11
Quantidade em Estoque: 7
Pedidos de Compra: 1
Pedidos de Venda: 0
Produto: Samsung Galaxy M12
Quantidade em Estoque: 14
Pedidos de Compra: 2
Pedidos de Venda: 1
Produto: iPhone 13
Quantidade em Estoque: 3
Pedidos de Compra: 1
Pedidos de Venda: 0
