Quantidade indisponivel para a venda de 4 unidade(s) do produto iPad Pro.
Produto: LG K10
Quantidade em Estoque: 3
Pedidos de Compra: 1
Pedidos de Venda: 1
Produto: LG K41S
Quantidade em Estoque: 4
Pedidos de Compra: 1
Pedidos de Venda: 0
Produto: Motorola G20
Quantidade em Estoque: 5
Pedidos de Compra: 1
Pedidos de Venda: 1
Produto: Motorola Moto E7
Quantidade em Estoque: 9
Pedidos de Compra: 2
Pedidos de Venda: 1
Produto: iPad Pro
Quantidade em Estoque: 3
Pedidos de Compra: 1
Pedidos de Venda: 0
