Quantidade indisponivel para a venda de 3 unidade(s) do produto LG K41S.
Quantidade indisponivel para a venda de 7 unidade(s) do produto iPhone 13 Pro.
Quantidade indisponivel para a venda de 5 unidade(s) do produto LG K10.
Produto: LG K22
Quantidade em Estoque: 11
Pedidos de Compra: 2
Pedidos de Venda: 1
Produto: LG K41S
Quantidade em Estoque: 9
Pedidos de Compra: 2
Pedidos de Venda: 0
Produto: Motorola G20
Quantidade em Estoque: 2
Pedidos de Compra: 2
Pedidos de Venda: 2
Produto: Samsung A11
Quantidade em Estoque: 1
Pedidos de Compra: 1
Pedidos de Venda: 1
Produto: Samsung Galaxy M12
Quantidade em Estoque: 6
Pedidos de Compra: 1
Pedidos de Venda: 0
Produto: iPad Air
Quantidade em Estoque: 10
Pedidos de Compra: 2
Pedidos de Venda: 0
Produto: iPad Pro
Quantidade em Estoque: 3
Pedidos de Compra: 1
Pedidos de Venda: 0
Produto: iPad mini
Quantidade em Estoque: 13
Pedidos de Compra: 2
Pedidos de Venda: 2
Produto: iPhone 13
Quantidade em Estoque: 4
Pedidos de Compra: 1
Pedidos de Venda: 0
Produto: iPhone 13 Pro Max
Quantidade em Estoque: 5
Pedidos de Compra: 3
Pedidos de Venda: 3
Produto: iPhone 13 mini
Quantidade em Estoque: 7
Pedidos de Compra: 1
Pedidos de Venda: 0
