Quantidade indisponivel para a venda de 1 unidade(s) do produto Motorola G20.
Quantidade indisponivel para a venda de 6 unidade(s) do produto LG K10.
Quantidade indisponivel para a venda de 4 unidade(s) do produto iPhone 13 Pro.
Produto: LG K10
Quantidade em Estoque: 0
Pedidos de Compra: 2
Pedidos de Venda: 3
Produto: LG K22
Quantidade em Estoque: 31
Pedidos de Compra: 8
Pedidos de Venda: 2
Produto: Motorola Moto E7
Quantidade em Estoque: 3
Pedidos de Compra: 1
Pedidos de Venda: 0
Produto: Samsung Galaxy M12
Quantidade em Estoque: 2
Pedidos de Compra: 1
Pedidos de Venda: 1
Produto: iPad
Quantidade em Estoque: 9
Pedidos de Compra: 1
Pedidos de Venda: 0
Produto: iPad Air
Quantidade em Estoque: 17
Pedidos de Compra: 4
Pedidos de Venda: 2
Produto: iPhone 13
Quantidade em Estoque: 14
Pedidos de Compra: 3
Pedidos de Venda: 0
Produto: iPhone 13 Pro
Quantidade em Estoque: 3
Pedidos de Compra: 1
Pedidos de Venda: 1
Produto: iPhone 13 Pro Max
Quantidade em Estoque: 3
Pedidos de Compra: 2
Pedidos de Venda: 1
Produto: iPhone 13 mini
Quantidade em Estoque: 21
Pedidos de Compra: 5
Pedidos de Venda: 2
